Arguments: 
  /usr/local/bin/node /usr/local/Cellar/yarn/0.27.5_1/libexec/bin/yarn.js test

PATH: 
  /opt/local/bin:/opt/local/sbin:/usr/local/sbin:/Developer/NVIDIA/CUDA-8.0/bin:/usr/local/bin:/usr/bin:/bin:/usr/sbin:/sbin:/opt/X11/bin:/Library/Frameworks/Mono.framework/Versions/Current/Commands:/Library/TeX/texbin

Yarn version: 
  0.27.5

Node version: 
  8.4.0

Platform: 
  darwin x64

npm manifest: 
  {
  	"name": "lazuli-authentication",
  	"version": "1.0.0",
  	"description": "A lazuli authentication module",
  	"main": "src/lazuli-authentication.mjs",
  	"scripts": {
  		"docs": "./node_modules/.bin/esdoc"
  		"test": "mocha"
  	},
  	"repository": {
  		"type": "git",
  		"url": "https://github.com/tyratox/lazuli-authentication.git"
  	},
  	"keywords": [
  		"lazuli",
  		"authentication"
  	],
  	"author": "Nico Hauser",
  	"contributors": [
  		{
  			"name": "Nico Hauser",
  			"email": "me@tyratox.ch",
  			"url": "https://tyratox.ch"
  		}
  	],
  	"license": "UNLICENSED",
  	"bugs": {
  		"url": "https://github.com/tyratox/lazuli-authentication/issues"
  	},
  	"homepage": "https://lazuli.tyratox.ch",
  	"dependencies": {
  		"ejs": "^2.5.2",
  		"esdoc": "^1.0.1",
  		"esdoc-standard-plugin": "^1.0.0",
  		"graphql": "^0.11.1",
  		"graphql-relay": "^0.5.2",
  		"graphql-sequelize": "^5.4.2",
  		"joi": "^10.4.1",
  		"mocha": "^3.5.0",
  		"oauth2orize": "^1.5.1",
  		"passport": "^0.3.2",
  		"passport-facebook": "^2.1.1",
  		"passport-google-oauth": "^1.0.0",
  		"passport-http-bearer": "^1.0.1",
  		"passport-local": "^1.0.0",
  		"sequelize": "^4.7.5"
  	},
  	"peerDependencies": {
  		"lazuli-config": "tyratox/lazuli-config",
  		"lazuli-core": "tyratox/lazuli-core",
  		"lazuli-i18n": "tyratox/lazuli-i18n",
  		"lazuli-piwick-tacker": "tyratox/lazuli-piwik-tracker"
  	}
  }

yarn manifest: 
  No manifest

Lockfile: 
  # THIS IS AN AUTOGENERATED FILE. DO NOT EDIT THIS FILE DIRECTLY.
  # yarn lockfile v1
  
  
  "@types/geojson@^1.0.0":
    version "1.0.3"
    resolved "https://registry.yarnpkg.com/@types/geojson/-/geojson-1.0.3.tgz#fbcf7fa5eb6dd108d51385cc6987ec1f24214523"
  
  "@types/node@^6.0.48":
    version "6.0.88"
    resolved "https://registry.yarnpkg.com/@types/node/-/node-6.0.88.tgz#f618f11a944f6a18d92b5c472028728a3e3d4b66"
  
  abab@^1.0.0:
    version "1.0.3"
    resolved "https://registry.yarnpkg.com/abab/-/abab-1.0.3.tgz#b81de5f7274ec4e756d797cd834f303642724e5d"
  
  acorn-globals@^1.0.4:
    version "1.0.9"
    resolved "https://registry.yarnpkg.com/acorn-globals/-/acorn-globals-1.0.9.tgz#55bb5e98691507b74579d0513413217c380c54cf"
    dependencies:
      acorn "^2.1.0"
  
  acorn@^2.1.0, acorn@^2.4.0:
    version "2.7.0"
    resolved "https://registry.yarnpkg.com/acorn/-/acorn-2.7.0.tgz#ab6e7d9d886aaca8b085bc3312b79a198433f0e7"
  
  ajv@^4.9.1:
    version "4.11.8"
    resolved "https://registry.yarnpkg.com/ajv/-/ajv-4.11.8.tgz#82ffb02b29e662ae53bdc20af15947706739c536"
    dependencies:
      co "^4.6.0"
      json-stable-stringify "^1.0.1"
  
  amdefine@>=0.0.4:
    version "1.0.1"
    resolved "https://registry.yarnpkg.com/amdefine/-/amdefine-1.0.1.tgz#4a5282ac164729e93619bcfd3ad151f817ce91f5"
  
  ansi-regex@^2.0.0:
    version "2.1.1"
    resolved "https://registry.yarnpkg.com/ansi-regex/-/ansi-regex-2.1.1.tgz#c3b33ab5ee360d86e0e628f0468ae7ef27d654df"
  
  ansi-styles@^2.2.1:
    version "2.2.1"
    resolved "https://registry.yarnpkg.com/ansi-styles/-/ansi-styles-2.2.1.tgz#b432dd3358b634cf75e1e4664368240533c1ddbe"
  
  asn1@~0.2.3:
    version "0.2.3"
    resolved "https://registry.yarnpkg.com/asn1/-/asn1-0.2.3.tgz#dac8787713c9966849fc8180777ebe9c1ddf3b86"
  
  assert-plus@1.0.0, assert-plus@^1.0.0:
    version "1.0.0"
    resolved "https://registry.yarnpkg.com/assert-plus/-/assert-plus-1.0.0.tgz#f12e0f3c5d77b0b1cdd9146942e4e96c1e4dd525"
  
  assert-plus@^0.2.0:
    version "0.2.0"
    resolved "https://registry.yarnpkg.com/assert-plus/-/assert-plus-0.2.0.tgz#d74e1b87e7affc0db8aadb7021f3fe48101ab234"
  
  asynckit@^0.4.0:
    version "0.4.0"
    resolved "https://registry.yarnpkg.com/asynckit/-/asynckit-0.4.0.tgz#c79ed97f7f34cb8f2ba1bc9790bcc366474b4b79"
  
  aws-sign2@~0.6.0:
    version "0.6.0"
    resolved "https://registry.yarnpkg.com/aws-sign2/-/aws-sign2-0.6.0.tgz#14342dd38dbcc94d0e5b87d763cd63612c0e794f"
  
  aws4@^1.2.1:
    version "1.6.0"
    resolved "https://registry.yarnpkg.com/aws4/-/aws4-1.6.0.tgz#83ef5ca860b2b32e4a0deedee8c771b9db57471e"
  
  babel-code-frame@^6.8.0:
    version "6.26.0"
    resolved "https://registry.yarnpkg.com/babel-code-frame/-/babel-code-frame-6.26.0.tgz#63fd43f7dc1e3bb7ce35947db8fe369a3f58c74b"
    dependencies:
      chalk "^1.1.3"
      esutils "^2.0.2"
      js-tokens "^3.0.2"
  
  babel-generator@6.11.4:
    version "6.11.4"
    resolved "https://registry.yarnpkg.com/babel-generator/-/babel-generator-6.11.4.tgz#14f6933abb20c62666d27e3b7b9f5b9dc0712a9a"
    dependencies:
      babel-messages "^6.8.0"
      babel-runtime "^6.9.0"
      babel-types "^6.10.2"
      detect-indent "^3.0.1"
      lodash "^4.2.0"
      source-map "^0.5.0"
  
  babel-messages@^6.8.0:
    version "6.23.0"
    resolved "https://registry.yarnpkg.com/babel-messages/-/babel-messages-6.23.0.tgz#f3cdf4703858035b2a2951c6ec5edf6c62f2630e"
    dependencies:
      babel-runtime "^6.22.0"
  
  babel-runtime@^6.22.0, babel-runtime@^6.26.0, babel-runtime@^6.9.0:
    version "6.26.0"
    resolved "https://registry.yarnpkg.com/babel-runtime/-/babel-runtime-6.26.0.tgz#965c7058668e82b55d7bfe04ff2337bc8b5647fe"
    dependencies:
      core-js "^2.4.0"
      regenerator-runtime "^0.11.0"
  
  babel-traverse@6.12.0:
    version "6.12.0"
    resolved "https://registry.yarnpkg.com/babel-traverse/-/babel-traverse-6.12.0.tgz#f22f54fa0d6eeb7f63585246bab6e637858f5d94"
    dependencies:
      babel-code-frame "^6.8.0"
      babel-messages "^6.8.0"
      babel-runtime "^6.9.0"
      babel-types "^6.9.0"
      babylon "^6.7.0"
      debug "^2.2.0"
      globals "^8.3.0"
      invariant "^2.2.0"
      lodash "^4.2.0"
  
  babel-types@^6.10.2, babel-types@^6.9.0:
    version "6.26.0"
    resolved "https://registry.yarnpkg.com/babel-types/-/babel-types-6.26.0.tgz#a3b073f94ab49eb6fa55cd65227a334380632497"
    dependencies:
      babel-runtime "^6.26.0"
      esutils "^2.0.2"
      lodash "^4.17.4"
      to-fast-properties "^1.0.3"
  
  babylon@6.14.1:
    version "6.14.1"
    resolved "https://registry.yarnpkg.com/babylon/-/babylon-6.14.1.tgz#956275fab72753ad9b3435d7afe58f8bf0a29815"
  
  babylon@^6.7.0:
    version "6.18.0"
    resolved "https://registry.yarnpkg.com/babylon/-/babylon-6.18.0.tgz#af2f3b88fa6f5c1e4c634d1a0f8eac4f55b395e3"
  
  balanced-match@^1.0.0:
    version "1.0.0"
    resolved "https://registry.yarnpkg.com/balanced-match/-/balanced-match-1.0.0.tgz#89b4d199ab2bee49de164ea02b89ce462d71b767"
  
  bcrypt-pbkdf@^1.0.0:
    version "1.0.1"
    resolved "https://registry.yarnpkg.com/bcrypt-pbkdf/-/bcrypt-pbkdf-1.0.1.tgz#63bc5dcb61331b92bc05fd528953c33462a06f8d"
    dependencies:
      tweetnacl "^0.14.3"
  
  bluebird@^3.4.0, bluebird@^3.4.6:
    version "3.5.0"
    resolved "https://registry.yarnpkg.com/bluebird/-/bluebird-3.5.0.tgz#791420d7f551eea2897453a8a77653f96606d67c"
  
  boolbase@~1.0.0:
    version "1.0.0"
    resolved "https://registry.yarnpkg.com/boolbase/-/boolbase-1.0.0.tgz#68dff5fbe60c51eb37725ea9e3ed310dcc1e776e"
  
  boom@2.x.x:
    version "2.10.1"
    resolved "https://registry.yarnpkg.com/boom/-/boom-2.10.1.tgz#39c8918ceff5799f83f9492a848f625add0c766f"
    dependencies:
      hoek "2.x.x"
  
  brace-expansion@^1.1.7:
    version "1.1.8"
    resolved "https://registry.yarnpkg.com/brace-expansion/-/brace-expansion-1.1.8.tgz#c07b211c7c952ec1f8efd51a77ef0d1d3990a292"
    dependencies:
      balanced-match "^1.0.0"
      concat-map "0.0.1"
  
  browser-stdout@1.3.0:
    version "1.3.0"
    resolved "https://registry.yarnpkg.com/browser-stdout/-/browser-stdout-1.3.0.tgz#f351d32969d32fa5d7a5567154263d928ae3bd1f"
  
  caseless@~0.12.0:
    version "0.12.0"
    resolved "https://registry.yarnpkg.com/caseless/-/caseless-0.12.0.tgz#1b681c21ff84033c826543090689420d187151dc"
  
  chalk@^1.1.3:
    version "1.1.3"
    resolved "https://registry.yarnpkg.com/chalk/-/chalk-1.1.3.tgz#a8115c55e4a702fe4d150abd3872822a7e09fc98"
    dependencies:
      ansi-styles "^2.2.1"
      escape-string-regexp "^1.0.2"
      has-ansi "^2.0.0"
      strip-ansi "^3.0.0"
      supports-color "^2.0.0"
  
  cheerio@0.20.0:
    version "0.20.0"
    resolved "https://registry.yarnpkg.com/cheerio/-/cheerio-0.20.0.tgz#5c710f2bab95653272842ba01c6ea61b3545ec35"
    dependencies:
      css-select "~1.2.0"
      dom-serializer "~0.1.0"
      entities "~1.1.1"
      htmlparser2 "~3.8.1"
      lodash "^4.1.0"
    optionalDependencies:
      jsdom "^7.0.2"
  
  cheerio@0.22.0:
    version "0.22.0"
    resolved "https://registry.yarnpkg.com/cheerio/-/cheerio-0.22.0.tgz#a9baa860a3f9b595a6b81b1a86873121ed3a269e"
    dependencies:
      css-select "~1.2.0"
      dom-serializer "~0.1.0"
      entities "~1.1.1"
      htmlparser2 "^3.9.1"
      lodash.assignin "^4.0.9"
      lodash.bind "^4.1.4"
      lodash.defaults "^4.0.1"
      lodash.filter "^4.4.0"
      lodash.flatten "^4.2.0"
      lodash.foreach "^4.3.0"
      lodash.map "^4.4.0"
      lodash.merge "^4.4.0"
      lodash.pick "^4.2.1"
      lodash.reduce "^4.4.0"
      lodash.reject "^4.4.0"
      lodash.some "^4.4.0"
  
  cls-bluebird@^2.0.1:
    version "2.0.1"
    resolved "https://registry.yarnpkg.com/cls-bluebird/-/cls-bluebird-2.0.1.tgz#c259a480ae02c0e506134307bb13db30446ee2e7"
    dependencies:
      is-bluebird "^1.0.2"
      shimmer "^1.1.0"
  
  co@^4.6.0:
    version "4.6.0"
    resolved "https://registry.yarnpkg.com/co/-/co-4.6.0.tgz#6ea6bdf3d853ae54ccb8e47bfa0bf3f9031fb184"
  
  color-logger@0.0.3:
    version "0.0.3"
    resolved "https://registry.yarnpkg.com/color-logger/-/color-logger-0.0.3.tgz#d9b22dd1d973e166b18bf313f9f481bba4df2018"
  
  combined-stream@^1.0.5, combined-stream@~1.0.5:
    version "1.0.5"
    resolved "https://registry.yarnpkg.com/combined-stream/-/combined-stream-1.0.5.tgz#938370a57b4a51dea2c77c15d5c5fdf895164009"
    dependencies:
      delayed-stream "~1.0.0"
  
  commander@2.9.0:
    version "2.9.0"
    resolved "https://registry.yarnpkg.com/commander/-/commander-2.9.0.tgz#9c99094176e12240cb22d6c5146098400fe0f7d4"
    dependencies:
      graceful-readlink ">= 1.0.0"
  
  concat-map@0.0.1:
    version "0.0.1"
    resolved "https://registry.yarnpkg.com/concat-map/-/concat-map-0.0.1.tgz#d8a96bd77fd68df7793a73036a3ba0d5405d477b"
  
  core-js@^2.4.0:
    version "2.5.0"
    resolved "https://registry.yarnpkg.com/core-js/-/core-js-2.5.0.tgz#569c050918be6486b3837552028ae0466b717086"
  
  core-util-is@1.0.2, core-util-is@~1.0.0:
    version "1.0.2"
    resolved "https://registry.yarnpkg.com/core-util-is/-/core-util-is-1.0.2.tgz#b5fd54220aa2bc5ab57aab7140c940754503c1a7"
  
  cryptiles@2.x.x:
    version "2.0.5"
    resolved "https://registry.yarnpkg.com/cryptiles/-/cryptiles-2.0.5.tgz#3bdfecdc608147c1c67202fa291e7dca59eaa3b8"
    dependencies:
      boom "2.x.x"
  
  css-select@~1.2.0:
    version "1.2.0"
    resolved "https://registry.yarnpkg.com/css-select/-/css-select-1.2.0.tgz#2b3a110539c5355f1cd8d314623e870b121ec858"
    dependencies:
      boolbase "~1.0.0"
      css-what "2.1"
      domutils "1.5.1"
      nth-check "~1.0.1"
  
  css-what@2.1:
    version "2.1.0"
    resolved "https://registry.yarnpkg.com/css-what/-/css-what-2.1.0.tgz#9467d032c38cfaefb9f2d79501253062f87fa1bd"
  
  cssom@0.3.x, "cssom@>= 0.3.0 < 0.4.0":
    version "0.3.2"
    resolved "https://registry.yarnpkg.com/cssom/-/cssom-0.3.2.tgz#b8036170c79f07a90ff2f16e22284027a243848b"
  
  "cssstyle@>= 0.2.29 < 0.3.0":
    version "0.2.37"
    resolved "https://registry.yarnpkg.com/cssstyle/-/cssstyle-0.2.37.tgz#541097234cb2513c83ceed3acddc27ff27987d54"
    dependencies:
      cssom "0.3.x"
  
  dashdash@^1.12.0:
    version "1.14.1"
    resolved "https://registry.yarnpkg.com/dashdash/-/dashdash-1.14.1.tgz#853cfa0f7cbe2fed5de20326b8dd581035f6e2f0"
    dependencies:
      assert-plus "^1.0.0"
  
  dataloader-sequelize@^1.5.0:
    version "1.5.2"
    resolved "https://registry.yarnpkg.com/dataloader-sequelize/-/dataloader-sequelize-1.5.2.tgz#7f895ed9b574148d06164cac4a97182a8d7e8859"
    dependencies:
      dataloader "^1.2.0"
      lodash "^4.15.0"
      lru-cache "^4.0.1"
      shimmer "^1.1.0"
  
  dataloader@^1.2.0:
    version "1.3.0"
    resolved "https://registry.yarnpkg.com/dataloader/-/dataloader-1.3.0.tgz#6fec5be4b30a712e4afd30b86b4334566b97673b"
  
  debug@2.6.8, debug@2.x.x, debug@^2.2.0:
    version "2.6.8"
    resolved "https://registry.yarnpkg.com/debug/-/debug-2.6.8.tgz#e731531ca2ede27d188222427da17821d68ff4fc"
    dependencies:
      ms "2.0.0"
  
  debug@^3.0.0:
    version "3.0.1"
    resolved "https://registry.yarnpkg.com/debug/-/debug-3.0.1.tgz#0564c612b521dc92d9f2988f0549e34f9c98db64"
    dependencies:
      ms "2.0.0"
  
  deep-is@~0.1.3:
    version "0.1.3"
    resolved "https://registry.yarnpkg.com/deep-is/-/deep-is-0.1.3.tgz#b369d6fb5dbc13eecf524f91b070feedc357cf34"
  
  delayed-stream@~1.0.0:
    version "1.0.0"
    resolved "https://registry.yarnpkg.com/delayed-stream/-/delayed-stream-1.0.0.tgz#df3ae199acadfb7d440aaae0b29e2272b24ec619"
  
  depd@^1.1.0:
    version "1.1.1"
    resolved "https://registry.yarnpkg.com/depd/-/depd-1.1.1.tgz#5783b4e1c459f06fa5ca27f991f3d06e7a310359"
  
  detect-indent@^3.0.1:
    version "3.0.1"
    resolved "https://registry.yarnpkg.com/detect-indent/-/detect-indent-3.0.1.tgz#9dc5e5ddbceef8325764b9451b02bc6d54084f75"
    dependencies:
      get-stdin "^4.0.1"
      minimist "^1.1.0"
      repeating "^1.1.0"
  
  diff@3.2.0:
    version "3.2.0"
    resolved "https://registry.yarnpkg.com/diff/-/diff-3.2.0.tgz#c9ce393a4b7cbd0b058a725c93df299027868ff9"
  
  dom-serializer@0, dom-serializer@~0.1.0:
    version "0.1.0"
    resolved "https://registry.yarnpkg.com/dom-serializer/-/dom-serializer-0.1.0.tgz#073c697546ce0780ce23be4a28e293e40bc30c82"
    dependencies:
      domelementtype "~1.1.1"
      entities "~1.1.1"
  
  domelementtype@1, domelementtype@^1.3.0:
    version "1.3.0"
    resolved "https://registry.yarnpkg.com/domelementtype/-/domelementtype-1.3.0.tgz#b17aed82e8ab59e52dd9c19b1756e0fc187204c2"
  
  domelementtype@~1.1.1:
    version "1.1.3"
    resolved "https://registry.yarnpkg.com/domelementtype/-/domelementtype-1.1.3.tgz#bd28773e2642881aec51544924299c5cd822185b"
  
  domhandler@2.3:
    version "2.3.0"
    resolved "https://registry.yarnpkg.com/domhandler/-/domhandler-2.3.0.tgz#2de59a0822d5027fabff6f032c2b25a2a8abe738"
    dependencies:
      domelementtype "1"
  
  domhandler@^2.3.0:
    version "2.4.1"
    resolved "https://registry.yarnpkg.com/domhandler/-/domhandler-2.4.1.tgz#892e47000a99be55bbf3774ffea0561d8879c259"
    dependencies:
      domelementtype "1"
  
  domutils@1.5, domutils@1.5.1:
    version "1.5.1"
    resolved "https://registry.yarnpkg.com/domutils/-/domutils-1.5.1.tgz#dcd8488a26f563d61079e48c9f7b7e32373682cf"
    dependencies:
      dom-serializer "0"
      domelementtype "1"
  
  domutils@^1.5.1:
    version "1.6.2"
    resolved "https://registry.yarnpkg.com/domutils/-/domutils-1.6.2.tgz#1958cc0b4c9426e9ed367fb1c8e854891b0fa3ff"
    dependencies:
      dom-serializer "0"
      domelementtype "1"
  
  dottie@^2.0.0:
    version "2.0.0"
    resolved "https://registry.yarnpkg.com/dottie/-/dottie-2.0.0.tgz#da191981c8b8d713ca0115d5898cf397c2f0ddd0"
  
  ecc-jsbn@~0.1.1:
    version "0.1.1"
    resolved "https://registry.yarnpkg.com/ecc-jsbn/-/ecc-jsbn-0.1.1.tgz#0fc73a9ed5f0d53c38193398523ef7e543777505"
    dependencies:
      jsbn "~0.1.0"
  
  ejs@^2.5.2:
    version "2.5.7"
    resolved "https://registry.yarnpkg.com/ejs/-/ejs-2.5.7.tgz#cc872c168880ae3c7189762fd5ffc00896c9518a"
  
  entities@1.0:
    version "1.0.0"
    resolved "https://registry.yarnpkg.com/entities/-/entities-1.0.0.tgz#b2987aa3821347fcde642b24fdfc9e4fb712bf26"
  
  entities@^1.1.1, entities@~1.1.1:
    version "1.1.1"
    resolved "https://registry.yarnpkg.com/entities/-/entities-1.1.1.tgz#6e5c2d0a5621b5dadaecef80b90edfb5cd7772f0"
  
  escape-html@1.0.3:
    version "1.0.3"
    resolved "https://registry.yarnpkg.com/escape-html/-/escape-html-1.0.3.tgz#0258eae4d3d0c0974de1c169188ef0051d1d1988"
  
  escape-string-regexp@1.0.5, escape-string-regexp@^1.0.2:
    version "1.0.5"
    resolved "https://registry.yarnpkg.com/escape-string-regexp/-/escape-string-regexp-1.0.5.tgz#1b61c0562190a8dff6ae3bb2cf0200ca130b86d4"
  
  escodegen@^1.6.1:
    version "1.8.1"
    resolved "https://registry.yarnpkg.com/escodegen/-/escodegen-1.8.1.tgz#5a5b53af4693110bebb0867aa3430dd3b70a1018"
    dependencies:
      esprima "^2.7.1"
      estraverse "^1.9.1"
      esutils "^2.0.2"
      optionator "^0.8.1"
    optionalDependencies:
      source-map "~0.2.0"
  
  esdoc-accessor-plugin@^1.0.0:
    version "1.0.0"
    resolved "https://registry.yarnpkg.com/esdoc-accessor-plugin/-/esdoc-accessor-plugin-1.0.0.tgz#791ba4872e6c403515ce749b1348d6f0293ad9eb"
  
  esdoc-brand-plugin@^1.0.0:
    version "1.0.0"
    resolved "https://registry.yarnpkg.com/esdoc-brand-plugin/-/esdoc-brand-plugin-1.0.0.tgz#9e216d735e62fcec49f7a339bb4121da67cc6033"
    dependencies:
      cheerio "0.22.0"
  
  esdoc-coverage-plugin@^1.0.0:
    version "1.0.0"
    resolved "https://registry.yarnpkg.com/esdoc-coverage-plugin/-/esdoc-coverage-plugin-1.0.0.tgz#b9680fada8cbb0740e6c9ca6aece84fb7d82caa6"
  
  esdoc-external-ecmascript-plugin@^1.0.0:
    version "1.0.0"
    resolved "https://registry.yarnpkg.com/esdoc-external-ecmascript-plugin/-/esdoc-external-ecmascript-plugin-1.0.0.tgz#78f565d4a0c5185ac63152614dce1fe1a86688db"
    dependencies:
      fs-extra "1.0.0"
  
  esdoc-integrate-manual-plugin@^1.0.0:
    version "1.0.0"
    resolved "https://registry.yarnpkg.com/esdoc-integrate-manual-plugin/-/esdoc-integrate-manual-plugin-1.0.0.tgz#1854a6aa1c081035d7c8c51e3bdd4fb65aa4711c"
  
  esdoc-integrate-test-plugin@^1.0.0:
    version "1.0.0"
    resolved "https://registry.yarnpkg.com/esdoc-integrate-test-plugin/-/esdoc-integrate-test-plugin-1.0.0.tgz#e2d0d00090f7f0c35e5d2f2c033327a79e53e409"
  
  esdoc-lint-plugin@^1.0.0:
    version "1.0.0"
    resolved "https://registry.yarnpkg.com/esdoc-lint-plugin/-/esdoc-lint-plugin-1.0.0.tgz#e5662938df97f252480f46f56e1e09895a2a2385"
  
  esdoc-publish-html-plugin@^1.0.0:
    version "1.0.0"
    resolved "https://registry.yarnpkg.com/esdoc-publish-html-plugin/-/esdoc-publish-html-plugin-1.0.0.tgz#d6b2c0a638b0e26b9fc4beaea7ced4beef800bc6"
    dependencies:
      babel-generator "6.11.4"
      cheerio "0.22.0"
      escape-html "1.0.3"
      fs-extra "1.0.0"
      ice-cap "0.0.4"
      marked "0.3.6"
      taffydb "2.7.2"
  
  esdoc-standard-plugin@^1.0.0:
    version "1.0.0"
    resolved "https://registry.yarnpkg.com/esdoc-standard-plugin/-/esdoc-standard-plugin-1.0.0.tgz#661201cac7ef868924902446fdac1527253c5d4d"
    dependencies:
      esdoc-accessor-plugin "^1.0.0"
      esdoc-brand-plugin "^1.0.0"
      esdoc-coverage-plugin "^1.0.0"
      esdoc-external-ecmascript-plugin "^1.0.0"
      esdoc-integrate-manual-plugin "^1.0.0"
      esdoc-integrate-test-plugin "^1.0.0"
      esdoc-lint-plugin "^1.0.0"
      esdoc-publish-html-plugin "^1.0.0"
      esdoc-type-inference-plugin "^1.0.0"
      esdoc-undocumented-identifier-plugin "^1.0.0"
      esdoc-unexported-identifier-plugin "^1.0.0"
  
  esdoc-type-inference-plugin@^1.0.0:
    version "1.0.0"
    resolved "https://registry.yarnpkg.com/esdoc-type-inference-plugin/-/esdoc-type-inference-plugin-1.0.0.tgz#a0a10ee740a848ca865d0314e161a2016778e7a6"
  
  esdoc-undocumented-identifier-plugin@^1.0.0:
    version "1.0.0"
    resolved "https://registry.yarnpkg.com/esdoc-undocumented-identifier-plugin/-/esdoc-undocumented-identifier-plugin-1.0.0.tgz#82e05d371c32d12871140f1d5c81ec99fd9cc2c8"
  
  esdoc-unexported-identifier-plugin@^1.0.0:
    version "1.0.0"
    resolved "https://registry.yarnpkg.com/esdoc-unexported-identifier-plugin/-/esdoc-unexported-identifier-plugin-1.0.0.tgz#1f9874c6a7c2bebf9ad397c3ceb75c9c69dabab1"
  
  esdoc@^1.0.1:
    version "1.0.1"
    resolved "https://registry.yarnpkg.com/esdoc/-/esdoc-1.0.1.tgz#50890ad632210cce01d903b6708494ed8f9b1d7c"
    dependencies:
      babel-generator "6.11.4"
      babel-traverse "6.12.0"
      babylon "6.14.1"
      cheerio "0.22.0"
      color-logger "0.0.3"
      escape-html "1.0.3"
      fs-extra "1.0.0"
      ice-cap "0.0.4"
      marked "0.3.6"
      minimist "1.2.0"
      taffydb "2.7.2"
  
  esprima@^2.7.1:
    version "2.7.3"
    resolved "https://registry.yarnpkg.com/esprima/-/esprima-2.7.3.tgz#96e3b70d5779f6ad49cd032673d1c312767ba581"
  
  estraverse@^1.9.1:
    version "1.9.3"
    resolved "https://registry.yarnpkg.com/estraverse/-/estraverse-1.9.3.tgz#af67f2dc922582415950926091a4005d29c9bb44"
  
  esutils@^2.0.2:
    version "2.0.2"
    resolved "https://registry.yarnpkg.com/esutils/-/esutils-2.0.2.tgz#0abf4f1caa5bcb1f7a9d8acc6dea4faaa04bac9b"
  
  extend@~3.0.0:
    version "3.0.1"
    resolved "https://registry.yarnpkg.com/extend/-/extend-3.0.1.tgz#a755ea7bc1adfcc5a31ce7e762dbaadc5e636444"
  
  extsprintf@1.3.0, extsprintf@^1.2.0:
    version "1.3.0"
    resolved "https://registry.yarnpkg.com/extsprintf/-/extsprintf-1.3.0.tgz#96918440e3041a7a414f8c52e3c574eb3c3e1e05"
  
  fast-levenshtein@~2.0.4:
    version "2.0.6"
    resolved "https://registry.yarnpkg.com/fast-levenshtein/-/fast-levenshtein-2.0.6.tgz#3d8a5c66883a16a30ca8643e851f19baa7797917"
  
  forever-agent@~0.6.1:
    version "0.6.1"
    resolved "https://registry.yarnpkg.com/forever-agent/-/forever-agent-0.6.1.tgz#fbc71f0c41adeb37f96c577ad1ed42d8fdacca91"
  
  form-data@~2.1.1:
    version "2.1.4"
    resolved "https://registry.yarnpkg.com/form-data/-/form-data-2.1.4.tgz#33c183acf193276ecaa98143a69e94bfee1750d1"
    dependencies:
      asynckit "^0.4.0"
      combined-stream "^1.0.5"
      mime-types "^2.1.12"
  
  fs-extra@1.0.0:
    version "1.0.0"
    resolved "https://registry.yarnpkg.com/fs-extra/-/fs-extra-1.0.0.tgz#cd3ce5f7e7cb6145883fcae3191e9877f8587950"
    dependencies:
      graceful-fs "^4.1.2"
      jsonfile "^2.1.0"
      klaw "^1.0.0"
  
  fs.realpath@^1.0.0:
    version "1.0.0"
    resolved "https://registry.yarnpkg.com/fs.realpath/-/fs.realpath-1.0.0.tgz#1504ad2523158caa40db4a2787cb01411994ea4f"
  
  generic-pool@^3.1.6:
    version "3.1.7"
    resolved "https://registry.yarnpkg.com/generic-pool/-/generic-pool-3.1.7.tgz#dac22b2c7a7a04e41732f7d8d2d25a303c88f662"
  
  get-stdin@^4.0.1:
    version "4.0.1"
    resolved "https://registry.yarnpkg.com/get-stdin/-/get-stdin-4.0.1.tgz#b968c6b0a04384324902e8bf1a5df32579a450fe"
  
  getpass@^0.1.1:
    version "0.1.7"
    resolved "https://registry.yarnpkg.com/getpass/-/getpass-0.1.7.tgz#5eff8e3e684d569ae4cb2b1282604e8ba62149fa"
    dependencies:
      assert-plus "^1.0.0"
  
  glob@7.1.1:
    version "7.1.1"
    resolved "https://registry.yarnpkg.com/glob/-/glob-7.1.1.tgz#805211df04faaf1c63a3600306cdf5ade50b2ec8"
    dependencies:
      fs.realpath "^1.0.0"
      inflight "^1.0.4"
      inherits "2"
      minimatch "^3.0.2"
      once "^1.3.0"
      path-is-absolute "^1.0.0"
  
  globals@^8.3.0:
    version "8.18.0"
    resolved "https://registry.yarnpkg.com/globals/-/globals-8.18.0.tgz#93d4a62bdcac38cfafafc47d6b034768cb0ffcb4"
  
  graceful-fs@^4.1.2, graceful-fs@^4.1.6, graceful-fs@^4.1.9:
    version "4.1.11"
    resolved "https://registry.yarnpkg.com/graceful-fs/-/graceful-fs-4.1.11.tgz#0e8bdfe4d1ddb8854d64e04ea7c00e2a026e5658"
  
  "graceful-readlink@>= 1.0.0":
    version "1.0.1"
    resolved "https://registry.yarnpkg.com/graceful-readlink/-/graceful-readlink-1.0.1.tgz#4cafad76bc62f02fa039b2f94e9a3dd3a391a725"
  
  graphql-relay@^0.5.2:
    version "0.5.2"
    resolved "https://registry.yarnpkg.com/graphql-relay/-/graphql-relay-0.5.2.tgz#40ff714efd60c2cd89e0bcc79e2afa6d87fa8673"
  
  graphql-sequelize@^5.4.2:
    version "5.4.2"
    resolved "https://registry.yarnpkg.com/graphql-sequelize/-/graphql-sequelize-5.4.2.tgz#03ea9ab38e34d0582b43b359d3c208a0f77d874c"
    dependencies:
      bluebird "^3.4.0"
      dataloader-sequelize "^1.5.0"
      invariant "2.2.1"
      lodash "^4.0.0"
  
  graphql@^0.11.1:
    version "0.11.1"
    resolved "https://registry.yarnpkg.com/graphql/-/graphql-0.11.1.tgz#c9f004255db946a7f5f48ada0041290b9bd02c3d"
    dependencies:
      iterall "^1.1.0"
  
  growl@1.9.2:
    version "1.9.2"
    resolved "https://registry.yarnpkg.com/growl/-/growl-1.9.2.tgz#0ea7743715db8d8de2c5ede1775e1b45ac85c02f"
  
  har-schema@^1.0.5:
    version "1.0.5"
    resolved "https://registry.yarnpkg.com/har-schema/-/har-schema-1.0.5.tgz#d263135f43307c02c602afc8fe95970c0151369e"
  
  har-validator@~4.2.1:
    version "4.2.1"
    resolved "https://registry.yarnpkg.com/har-validator/-/har-validator-4.2.1.tgz#33481d0f1bbff600dd203d75812a6a5fba002e2a"
    dependencies:
      ajv "^4.9.1"
      har-schema "^1.0.5"
  
  has-ansi@^2.0.0:
    version "2.0.0"
    resolved "https://registry.yarnpkg.com/has-ansi/-/has-ansi-2.0.0.tgz#34f5049ce1ecdf2b0649af3ef24e45ed35416d91"
    dependencies:
      ansi-regex "^2.0.0"
  
  has-flag@^1.0.0:
    version "1.0.0"
    resolved "https://registry.yarnpkg.com/has-flag/-/has-flag-1.0.0.tgz#9d9e793165ce017a00f00418c43f942a7b1d11fa"
  
  hawk@~3.1.3:
    version "3.1.3"
    resolved "https://registry.yarnpkg.com/hawk/-/hawk-3.1.3.tgz#078444bd7c1640b0fe540d2c9b73d59678e8e1c4"
    dependencies:
      boom "2.x.x"
      cryptiles "2.x.x"
      hoek "2.x.x"
      sntp "1.x.x"
  
  hoek@2.x.x:
    version "2.16.3"
    resolved "https://registry.yarnpkg.com/hoek/-/hoek-2.16.3.tgz#20bb7403d3cea398e91dc4710a8ff1b8274a25ed"
  
  hoek@4.x.x:
    version "4.2.0"
    resolved "https://registry.yarnpkg.com/hoek/-/hoek-4.2.0.tgz#72d9d0754f7fe25ca2d01ad8f8f9a9449a89526d"
  
  htmlparser2@^3.9.1:
    version "3.9.2"
    resolved "https://registry.yarnpkg.com/htmlparser2/-/htmlparser2-3.9.2.tgz#1bdf87acca0f3f9e53fa4fcceb0f4b4cbb00b338"
    dependencies:
      domelementtype "^1.3.0"
      domhandler "^2.3.0"
      domutils "^1.5.1"
      entities "^1.1.1"
      inherits "^2.0.1"
      readable-stream "^2.0.2"
  
  htmlparser2@~3.8.1:
    version "3.8.3"
    resolved "https://registry.yarnpkg.com/htmlparser2/-/htmlparser2-3.8.3.tgz#996c28b191516a8be86501a7d79757e5c70c1068"
    dependencies:
      domelementtype "1"
      domhandler "2.3"
      domutils "1.5"
      entities "1.0"
      readable-stream "1.1"
  
  http-signature@~1.1.0:
    version "1.1.1"
    resolved "https://registry.yarnpkg.com/http-signature/-/http-signature-1.1.1.tgz#df72e267066cd0ac67fb76adf8e134a8fbcf91bf"
    dependencies:
      assert-plus "^0.2.0"
      jsprim "^1.2.2"
      sshpk "^1.7.0"
  
  ice-cap@0.0.4:
    version "0.0.4"
    resolved "https://registry.yarnpkg.com/ice-cap/-/ice-cap-0.0.4.tgz#8a6d31ab4cac8d4b56de4fa946df3352561b6e18"
    dependencies:
      cheerio "0.20.0"
      color-logger "0.0.3"
  
  inflection@1.12.0:
    version "1.12.0"
    resolved "https://registry.yarnpkg.com/inflection/-/inflection-1.12.0.tgz#a200935656d6f5f6bc4dc7502e1aecb703228416"
  
  inflight@^1.0.4:
    version "1.0.6"
    resolved "https://registry.yarnpkg.com/inflight/-/inflight-1.0.6.tgz#49bd6331d7d02d0c09bc910a1075ba8165b56df9"
    dependencies:
      once "^1.3.0"
      wrappy "1"
  
  inherits@2, inherits@^2.0.1, inherits@~2.0.1, inherits@~2.0.3:
    version "2.0.3"
    resolved "https://registry.yarnpkg.com/inherits/-/inherits-2.0.3.tgz#633c2c83e3da42a502f52466022480f4208261de"
  
  invariant@2.2.1:
    version "2.2.1"
    resolved "https://registry.yarnpkg.com/invariant/-/invariant-2.2.1.tgz#b097010547668c7e337028ebe816ebe36c8a8d54"
    dependencies:
      loose-envify "^1.0.0"
  
  invariant@^2.2.0:
    version "2.2.2"
    resolved "https://registry.yarnpkg.com/invariant/-/invariant-2.2.2.tgz#9e1f56ac0acdb6bf303306f338be3b204ae60360"
    dependencies:
      loose-envify "^1.0.0"
  
  is-bluebird@^1.0.2:
    version "1.0.2"
    resolved "https://registry.yarnpkg.com/is-bluebird/-/is-bluebird-1.0.2.tgz#096439060f4aa411abee19143a84d6a55346d6e2"
  
  is-finite@^1.0.0:
    version "1.0.2"
    resolved "https://registry.yarnpkg.com/is-finite/-/is-finite-1.0.2.tgz#cc6677695602be550ef11e8b4aa6305342b6d0aa"
    dependencies:
      number-is-nan "^1.0.0"
  
  is-typedarray@~1.0.0:
    version "1.0.0"
    resolved "https://registry.yarnpkg.com/is-typedarray/-/is-typedarray-1.0.0.tgz#e479c80858df0c1b11ddda6940f96011fcda4a9a"
  
  isarray@0.0.1:
    version "0.0.1"
    resolved "https://registry.yarnpkg.com/isarray/-/isarray-0.0.1.tgz#8a18acfca9a8f4177e09abfc6038939b05d1eedf"
  
  isarray@~1.0.0:
    version "1.0.0"
    resolved "https://registry.yarnpkg.com/isarray/-/isarray-1.0.0.tgz#bb935d48582cba168c06834957a54a3e07124f11"
  
  isemail@2.x.x:
    version "2.2.1"
    resolved "https://registry.yarnpkg.com/isemail/-/isemail-2.2.1.tgz#0353d3d9a62951080c262c2aa0a42b8ea8e9e2a6"
  
  isstream@~0.1.2:
    version "0.1.2"
    resolved "https://registry.yarnpkg.com/isstream/-/isstream-0.1.2.tgz#47e63f7af55afa6f92e1500e690eb8b8529c099a"
  
  items@2.x.x:
    version "2.1.1"
    resolved "https://registry.yarnpkg.com/items/-/items-2.1.1.tgz#8bd16d9c83b19529de5aea321acaada78364a198"
  
  iterall@^1.1.0:
    version "1.1.1"
    resolved "https://registry.yarnpkg.com/iterall/-/iterall-1.1.1.tgz#f7f0af11e9a04ec6426260f5019d9fcca4d50214"
  
  joi@^10.4.1:
    version "10.6.0"
    resolved "https://registry.yarnpkg.com/joi/-/joi-10.6.0.tgz#52587f02d52b8b75cdb0c74f0b164a191a0e1fc2"
    dependencies:
      hoek "4.x.x"
      isemail "2.x.x"
      items "2.x.x"
      topo "2.x.x"
  
  js-tokens@^3.0.0, js-tokens@^3.0.2:
    version "3.0.2"
    resolved "https://registry.yarnpkg.com/js-tokens/-/js-tokens-3.0.2.tgz#9866df395102130e38f7f996bceb65443209c25b"
  
  jsbn@~0.1.0:
    version "0.1.1"
    resolved "https://registry.yarnpkg.com/jsbn/-/jsbn-0.1.1.tgz#a5e654c2e5a2deb5f201d96cefbca80c0ef2f513"
  
  jsdom@^7.0.2:
    version "7.2.2"
    resolved "https://registry.yarnpkg.com/jsdom/-/jsdom-7.2.2.tgz#40b402770c2bda23469096bee91ab675e3b1fc6e"
    dependencies:
      abab "^1.0.0"
      acorn "^2.4.0"
      acorn-globals "^1.0.4"
      cssom ">= 0.3.0 < 0.4.0"
      cssstyle ">= 0.2.29 < 0.3.0"
      escodegen "^1.6.1"
      nwmatcher ">= 1.3.7 < 2.0.0"
      parse5 "^1.5.1"
      request "^2.55.0"
      sax "^1.1.4"
      symbol-tree ">= 3.1.0 < 4.0.0"
      tough-cookie "^2.2.0"
      webidl-conversions "^2.0.0"
      whatwg-url-compat "~0.6.5"
      xml-name-validator ">= 2.0.1 < 3.0.0"
  
  json-schema@0.2.3:
    version "0.2.3"
    resolved "https://registry.yarnpkg.com/json-schema/-/json-schema-0.2.3.tgz#b480c892e59a2f05954ce727bd3f2a4e882f9e13"
  
  json-stable-stringify@^1.0.1:
    version "1.0.1"
    resolved "https://registry.yarnpkg.com/json-stable-stringify/-/json-stable-stringify-1.0.1.tgz#9a759d39c5f2ff503fd5300646ed445f88c4f9af"
    dependencies:
      jsonify "~0.0.0"
  
  json-stringify-safe@~5.0.1:
    version "5.0.1"
    resolved "https://registry.yarnpkg.com/json-stringify-safe/-/json-stringify-safe-5.0.1.tgz#1296a2d58fd45f19a0f6ce01d65701e2c735b6eb"
  
  json3@3.3.2:
    version "3.3.2"
    resolved "https://registry.yarnpkg.com/json3/-/json3-3.3.2.tgz#3c0434743df93e2f5c42aee7b19bcb483575f4e1"
  
  jsonfile@^2.1.0:
    version "2.4.0"
    resolved "https://registry.yarnpkg.com/jsonfile/-/jsonfile-2.4.0.tgz#3736a2b428b87bbda0cc83b53fa3d633a35c2ae8"
    optionalDependencies:
      graceful-fs "^4.1.6"
  
  jsonify@~0.0.0:
    version "0.0.0"
    resolved "https://registry.yarnpkg.com/jsonify/-/jsonify-0.0.0.tgz#2c74b6ee41d93ca51b7b5aaee8f503631d252a73"
  
  jsprim@^1.2.2:
    version "1.4.1"
    resolved "https://registry.yarnpkg.com/jsprim/-/jsprim-1.4.1.tgz#313e66bc1e5cc06e438bc1b7499c2e5c56acb6a2"
    dependencies:
      assert-plus "1.0.0"
      extsprintf "1.3.0"
      json-schema "0.2.3"
      verror "1.10.0"
  
  klaw@^1.0.0:
    version "1.3.1"
    resolved "https://registry.yarnpkg.com/klaw/-/klaw-1.3.1.tgz#4088433b46b3b1ba259d78785d8e96f73ba02439"
    optionalDependencies:
      graceful-fs "^4.1.9"
  
  levn@~0.3.0:
    version "0.3.0"
    resolved "https://registry.yarnpkg.com/levn/-/levn-0.3.0.tgz#3b09924edf9f083c0490fdd4c0bc4421e04764ee"
    dependencies:
      prelude-ls "~1.1.2"
      type-check "~0.3.2"
  
  lodash._baseassign@^3.0.0:
    version "3.2.0"
    resolved "https://registry.yarnpkg.com/lodash._baseassign/-/lodash._baseassign-3.2.0.tgz#8c38a099500f215ad09e59f1722fd0c52bfe0a4e"
    dependencies:
      lodash._basecopy "^3.0.0"
      lodash.keys "^3.0.0"
  
  lodash._basecopy@^3.0.0:
    version "3.0.1"
    resolved "https://registry.yarnpkg.com/lodash._basecopy/-/lodash._basecopy-3.0.1.tgz#8da0e6a876cf344c0ad8a54882111dd3c5c7ca36"
  
  lodash._basecreate@^3.0.0:
    version "3.0.3"
    resolved "https://registry.yarnpkg.com/lodash._basecreate/-/lodash._basecreate-3.0.3.tgz#1bc661614daa7fc311b7d03bf16806a0213cf821"
  
  lodash._getnative@^3.0.0:
    version "3.9.1"
    resolved "https://registry.yarnpkg.com/lodash._getnative/-/lodash._getnative-3.9.1.tgz#570bc7dede46d61cdcde687d65d3eecbaa3aaff5"
  
  lodash._isiterateecall@^3.0.0:
    version "3.0.9"
    resolved "https://registry.yarnpkg.com/lodash._isiterateecall/-/lodash._isiterateecall-3.0.9.tgz#5203ad7ba425fae842460e696db9cf3e6aac057c"
  
  lodash.assignin@^4.0.9:
    version "4.2.0"
    resolved "https://registry.yarnpkg.com/lodash.assignin/-/lodash.assignin-4.2.0.tgz#ba8df5fb841eb0a3e8044232b0e263a8dc6a28a2"
  
  lodash.bind@^4.1.4:
    version "4.2.1"
    resolved "https://registry.yarnpkg.com/lodash.bind/-/lodash.bind-4.2.1.tgz#7ae3017e939622ac31b7d7d7dcb1b34db1690d35"
  
  lodash.create@3.1.1:
    version "3.1.1"
    resolved "https://registry.yarnpkg.com/lodash.create/-/lodash.create-3.1.1.tgz#d7f2849f0dbda7e04682bb8cd72ab022461debe7"
    dependencies:
      lodash._baseassign "^3.0.0"
      lodash._basecreate "^3.0.0"
      lodash._isiterateecall "^3.0.0"
  
  lodash.defaults@^4.0.1:
    version "4.2.0"
    resolved "https://registry.yarnpkg.com/lodash.defaults/-/lodash.defaults-4.2.0.tgz#d09178716ffea4dde9e5fb7b37f6f0802274580c"
  
  lodash.filter@^4.4.0:
    version "4.6.0"
    resolved "https://registry.yarnpkg.com/lodash.filter/-/lodash.filter-4.6.0.tgz#668b1d4981603ae1cc5a6fa760143e480b4c4ace"
  
  lodash.flatten@^4.2.0:
    version "4.4.0"
    resolved "https://registry.yarnpkg.com/lodash.flatten/-/lodash.flatten-4.4.0.tgz#f31c22225a9632d2bbf8e4addbef240aa765a61f"
  
  lodash.foreach@^4.3.0:
    version "4.5.0"
    resolved "https://registry.yarnpkg.com/lodash.foreach/-/lodash.foreach-4.5.0.tgz#1a6a35eace401280c7f06dddec35165ab27e3e53"
  
  lodash.isarguments@^3.0.0:
    version "3.1.0"
    resolved "https://registry.yarnpkg.com/lodash.isarguments/-/lodash.isarguments-3.1.0.tgz#2f573d85c6a24289ff00663b491c1d338ff3458a"
  
  lodash.isarray@^3.0.0:
    version "3.0.4"
    resolved "https://registry.yarnpkg.com/lodash.isarray/-/lodash.isarray-3.0.4.tgz#79e4eb88c36a8122af86f844aa9bcd851b5fbb55"
  
  lodash.keys@^3.0.0:
    version "3.1.2"
    resolved "https://registry.yarnpkg.com/lodash.keys/-/lodash.keys-3.1.2.tgz#4dbc0472b156be50a0b286855d1bd0b0c656098a"
    dependencies:
      lodash._getnative "^3.0.0"
      lodash.isarguments "^3.0.0"
      lodash.isarray "^3.0.0"
  
  lodash.map@^4.4.0:
    version "4.6.0"
    resolved "https://registry.yarnpkg.com/lodash.map/-/lodash.map-4.6.0.tgz#771ec7839e3473d9c4cde28b19394c3562f4f6d3"
  
  lodash.merge@^4.4.0:
    version "4.6.0"
    resolved "https://registry.yarnpkg.com/lodash.merge/-/lodash.merge-4.6.0.tgz#69884ba144ac33fe699737a6086deffadd0f89c5"
  
  lodash.pick@^4.2.1:
    version "4.4.0"
    resolved "https://registry.yarnpkg.com/lodash.pick/-/lodash.pick-4.4.0.tgz#52f05610fff9ded422611441ed1fc123a03001b3"
  
  lodash.reduce@^4.4.0:
    version "4.6.0"
    resolved "https://registry.yarnpkg.com/lodash.reduce/-/lodash.reduce-4.6.0.tgz#f1ab6b839299ad48f784abbf476596f03b914d3b"
  
  lodash.reject@^4.4.0:
    version "4.6.0"
    resolved "https://registry.yarnpkg.com/lodash.reject/-/lodash.reject-4.6.0.tgz#80d6492dc1470864bbf583533b651f42a9f52415"
  
  lodash.some@^4.4.0:
    version "4.6.0"
    resolved "https://registry.yarnpkg.com/lodash.some/-/lodash.some-4.6.0.tgz#1bb9f314ef6b8baded13b549169b2a945eb68e4d"
  
  lodash@^4.0.0, lodash@^4.1.0, lodash@^4.15.0, lodash@^4.17.1, lodash@^4.17.4, lodash@^4.2.0:
    version "4.17.4"
    resolved "https://registry.yarnpkg.com/lodash/-/lodash-4.17.4.tgz#78203a4d1c328ae1d86dca6460e369b57f4055ae"
  
  loose-envify@^1.0.0:
    version "1.3.1"
    resolved "https://registry.yarnpkg.com/loose-envify/-/loose-envify-1.3.1.tgz#d1a8ad33fa9ce0e713d65fdd0ac8b748d478c848"
    dependencies:
      js-tokens "^3.0.0"
  
  lru-cache@^4.0.1:
    version "4.1.1"
    resolved "https://registry.yarnpkg.com/lru-cache/-/lru-cache-4.1.1.tgz#622e32e82488b49279114a4f9ecf45e7cd6bba55"
    dependencies:
      pseudomap "^1.0.2"
      yallist "^2.1.2"
  
  marked@0.3.6:
    version "0.3.6"
    resolved "https://registry.yarnpkg.com/marked/-/marked-0.3.6.tgz#b2c6c618fccece4ef86c4fc6cb8a7cbf5aeda8d7"
  
  mime-db@~1.29.0:
    version "1.29.0"
    resolved "https://registry.yarnpkg.com/mime-db/-/mime-db-1.29.0.tgz#48d26d235589651704ac5916ca06001914266878"
  
  mime-types@^2.1.12, mime-types@~2.1.7:
    version "2.1.16"
    resolved "https://registry.yarnpkg.com/mime-types/-/mime-types-2.1.16.tgz#2b858a52e5ecd516db897ac2be87487830698e23"
    dependencies:
      mime-db "~1.29.0"
  
  minimatch@^3.0.2:
    version "3.0.4"
    resolved "https://registry.yarnpkg.com/minimatch/-/minimatch-3.0.4.tgz#5166e286457f03306064be5497e8dbb0c3d32083"
    dependencies:
      brace-expansion "^1.1.7"
  
  minimist@0.0.8:
    version "0.0.8"
    resolved "https://registry.yarnpkg.com/minimist/-/minimist-0.0.8.tgz#857fcabfc3397d2625b8228262e86aa7a011b05d"
  
  minimist@1.2.0, minimist@^1.1.0:
    version "1.2.0"
    resolved "https://registry.yarnpkg.com/minimist/-/minimist-1.2.0.tgz#a35008b20f41383eec1fb914f4cd5df79a264284"
  
  mkdirp@0.5.1:
    version "0.5.1"
    resolved "https://registry.yarnpkg.com/mkdirp/-/mkdirp-0.5.1.tgz#30057438eac6cf7f8c4767f38648d6697d75c903"
    dependencies:
      minimist "0.0.8"
  
  mocha@^3.5.0:
    version "3.5.0"
    resolved "https://registry.yarnpkg.com/mocha/-/mocha-3.5.0.tgz#1328567d2717f997030f8006234bce9b8cd72465"
    dependencies:
      browser-stdout "1.3.0"
      commander "2.9.0"
      debug "2.6.8"
      diff "3.2.0"
      escape-string-regexp "1.0.5"
      glob "7.1.1"
      growl "1.9.2"
      json3 "3.3.2"
      lodash.create "3.1.1"
      mkdirp "0.5.1"
      supports-color "3.1.2"
  
  moment-timezone@^0.5.4:
    version "0.5.13"
    resolved "https://registry.yarnpkg.com/moment-timezone/-/moment-timezone-0.5.13.tgz#99ce5c7d827262eb0f1f702044177f60745d7b90"
    dependencies:
      moment ">= 2.9.0"
  
  "moment@>= 2.9.0", moment@^2.13.0:
    version "2.18.1"
    resolved "https://registry.yarnpkg.com/moment/-/moment-2.18.1.tgz#c36193dd3ce1c2eed2adb7c802dbbc77a81b1c0f"
  
  ms@2.0.0:
    version "2.0.0"
    resolved "https://registry.yarnpkg.com/ms/-/ms-2.0.0.tgz#5608aeadfc00be6c2901df5f9861788de0d597c8"
  
  nth-check@~1.0.1:
    version "1.0.1"
    resolved "https://registry.yarnpkg.com/nth-check/-/nth-check-1.0.1.tgz#9929acdf628fc2c41098deab82ac580cf149aae4"
    dependencies:
      boolbase "~1.0.0"
  
  number-is-nan@^1.0.0:
    version "1.0.1"
    resolved "https://registry.yarnpkg.com/number-is-nan/-/number-is-nan-1.0.1.tgz#097b602b53422a522c1afb8790318336941a011d"
  
  "nwmatcher@>= 1.3.7 < 2.0.0":
    version "1.4.1"
    resolved "https://registry.yarnpkg.com/nwmatcher/-/nwmatcher-1.4.1.tgz#7ae9b07b0ea804db7e25f05cb5fe4097d4e4949f"
  
  oauth-sign@~0.8.1:
    version "0.8.2"
    resolved "https://registry.yarnpkg.com/oauth-sign/-/oauth-sign-0.8.2.tgz#46a6ab7f0aead8deae9ec0565780b7d4efeb9d43"
  
  oauth2orize@^1.5.1:
    version "1.10.0"
    resolved "https://registry.yarnpkg.com/oauth2orize/-/oauth2orize-1.10.0.tgz#e0cd655c836df9e0c42db5d456d86aa6284fe588"
    dependencies:
      debug "2.x.x"
      uid2 "0.0.x"
      utils-merge "1.x.x"
  
  oauth@0.9.x:
    version "0.9.15"
    resolved "https://registry.yarnpkg.com/oauth/-/oauth-0.9.15.tgz#bd1fefaf686c96b75475aed5196412ff60cfb9c1"
  
  once@^1.3.0:
    version "1.4.0"
    resolved "https://registry.yarnpkg.com/once/-/once-1.4.0.tgz#583b1aa775961d4b113ac17d9c50baef9dd76bd1"
    dependencies:
      wrappy "1"
  
  optionator@^0.8.1:
    version "0.8.2"
    resolved "https://registry.yarnpkg.com/optionator/-/optionator-0.8.2.tgz#364c5e409d3f4d6301d6c0b4c05bba50180aeb64"
    dependencies:
      deep-is "~0.1.3"
      fast-levenshtein "~2.0.4"
      levn "~0.3.0"
      prelude-ls "~1.1.2"
      type-check "~0.3.2"
      wordwrap "~1.0.0"
  
  parse5@^1.5.1:
    version "1.5.1"
    resolved "https://registry.yarnpkg.com/parse5/-/parse5-1.5.1.tgz#9b7f3b0de32be78dc2401b17573ccaf0f6f59d94"
  
  passport-facebook@^2.1.1:
    version "2.1.1"
    resolved "https://registry.yarnpkg.com/passport-facebook/-/passport-facebook-2.1.1.tgz#c39d0b52ae4d59163245a4e21a7b9b6321303311"
    dependencies:
      passport-oauth2 "1.x.x"
  
  passport-google-oauth1@1.x.x:
    version "1.0.0"
    resolved "https://registry.yarnpkg.com/passport-google-oauth1/-/passport-google-oauth1-1.0.0.tgz#af74a803df51ec646f66a44d82282be6f108e0cc"
    dependencies:
      passport-oauth1 "1.x.x"
  
  passport-google-oauth20@1.x.x:
    version "1.0.0"
    resolved "https://registry.yarnpkg.com/passport-google-oauth20/-/passport-google-oauth20-1.0.0.tgz#3b960e8a1d70d1dbe794615c827c68c40392a5d0"
    dependencies:
      passport-oauth2 "1.x.x"
  
  passport-google-oauth@^1.0.0:
    version "1.0.0"
    resolved "https://registry.yarnpkg.com/passport-google-oauth/-/passport-google-oauth-1.0.0.tgz#65f50633192ad0627a18b08960077109d84eb76d"
    dependencies:
      passport-google-oauth1 "1.x.x"
      passport-google-oauth20 "1.x.x"
  
  passport-http-bearer@^1.0.1:
    version "1.0.1"
    resolved "https://registry.yarnpkg.com/passport-http-bearer/-/passport-http-bearer-1.0.1.tgz#147469ea3669e2a84c6167ef99dbb77e1f0098a8"
    dependencies:
      passport-strategy "1.x.x"
  
  passport-local@^1.0.0:
    version "1.0.0"
    resolved "https://registry.yarnpkg.com/passport-local/-/passport-local-1.0.0.tgz#1fe63268c92e75606626437e3b906662c15ba6ee"
    dependencies:
      passport-strategy "1.x.x"
  
  passport-oauth1@1.x.x:
    version "1.1.0"
    resolved "https://registry.yarnpkg.com/passport-oauth1/-/passport-oauth1-1.1.0.tgz#a7de988a211f9cf4687377130ea74df32730c918"
    dependencies:
      oauth "0.9.x"
      passport-strategy "1.x.x"
      utils-merge "1.x.x"
  
  passport-oauth2@1.x.x:
    version "1.4.0"
    resolved "https://registry.yarnpkg.com/passport-oauth2/-/passport-oauth2-1.4.0.tgz#f62f81583cbe12609be7ce6f160b9395a27b86ad"
    dependencies:
      oauth "0.9.x"
      passport-strategy "1.x.x"
      uid2 "0.0.x"
      utils-merge "1.x.x"
  
  passport-strategy@1.x.x:
    version "1.0.0"
    resolved "https://registry.yarnpkg.com/passport-strategy/-/passport-strategy-1.0.0.tgz#b5539aa8fc225a3d1ad179476ddf236b440f52e4"
  
  passport@^0.3.2:
    version "0.3.2"
    resolved "https://registry.yarnpkg.com/passport/-/passport-0.3.2.tgz#9dd009f915e8fe095b0124a01b8f82da07510102"
    dependencies:
      passport-strategy "1.x.x"
      pause "0.0.1"
  
  path-is-absolute@^1.0.0:
    version "1.0.1"
    resolved "https://registry.yarnpkg.com/path-is-absolute/-/path-is-absolute-1.0.1.tgz#174b9268735534ffbc7ace6bf53a5a9e1b5c5f5f"
  
  pause@0.0.1:
    version "0.0.1"
    resolved "https://registry.yarnpkg.com/pause/-/pause-0.0.1.tgz#1d408b3fdb76923b9543d96fb4c9dfd535d9cb5d"
  
  performance-now@^0.2.0:
    version "0.2.0"
    resolved "https://registry.yarnpkg.com/performance-now/-/performance-now-0.2.0.tgz#33ef30c5c77d4ea21c5a53869d91b56d8f2555e5"
  
  prelude-ls@~1.1.2:
    version "1.1.2"
    resolved "https://registry.yarnpkg.com/prelude-ls/-/prelude-ls-1.1.2.tgz#21932a549f5e52ffd9a827f570e04be62a97da54"
  
  process-nextick-args@~1.0.6:
    version "1.0.7"
    resolved "https://registry.yarnpkg.com/process-nextick-args/-/process-nextick-args-1.0.7.tgz#150e20b756590ad3f91093f25a4f2ad8bff30ba3"
  
  pseudomap@^1.0.2:
    version "1.0.2"
    resolved "https://registry.yarnpkg.com/pseudomap/-/pseudomap-1.0.2.tgz#f052a28da70e618917ef0a8ac34c1ae5a68286b3"
  
  punycode@^1.4.1:
    version "1.4.1"
    resolved "https://registry.yarnpkg.com/punycode/-/punycode-1.4.1.tgz#c0d5a63b2718800ad8e1eb0fa5269c84dd41845e"
  
  qs@~6.4.0:
    version "6.4.0"
    resolved "https://registry.yarnpkg.com/qs/-/qs-6.4.0.tgz#13e26d28ad6b0ffaa91312cd3bf708ed351e7233"
  
  readable-stream@1.1:
    version "1.1.13"
    resolved "https://registry.yarnpkg.com/readable-stream/-/readable-stream-1.1.13.tgz#f6eef764f514c89e2b9e23146a75ba106756d23e"
    dependencies:
      core-util-is "~1.0.0"
      inherits "~2.0.1"
      isarray "0.0.1"
      string_decoder "~0.10.x"
  
  readable-stream@^2.0.2:
    version "2.3.3"
    resolved "https://registry.yarnpkg.com/readable-stream/-/readable-stream-2.3.3.tgz#368f2512d79f9d46fdfc71349ae7878bbc1eb95c"
    dependencies:
      core-util-is "~1.0.0"
      inherits "~2.0.3"
      isarray "~1.0.0"
      process-nextick-args "~1.0.6"
      safe-buffer "~5.1.1"
      string_decoder "~1.0.3"
      util-deprecate "~1.0.1"
  
  regenerator-runtime@^0.11.0:
    version "0.11.0"
    resolved "https://registry.yarnpkg.com/regenerator-runtime/-/regenerator-runtime-0.11.0.tgz#7e54fe5b5ccd5d6624ea6255c3473be090b802e1"
  
  repeating@^1.1.0:
    version "1.1.3"
    resolved "https://registry.yarnpkg.com/repeating/-/repeating-1.1.3.tgz#3d4114218877537494f97f77f9785fab810fa4ac"
    dependencies:
      is-finite "^1.0.0"
  
  request@^2.55.0:
    version "2.81.0"
    resolved "https://registry.yarnpkg.com/request/-/request-2.81.0.tgz#c6928946a0e06c5f8d6f8a9333469ffda46298a0"
    dependencies:
      aws-sign2 "~0.6.0"
      aws4 "^1.2.1"
      caseless "~0.12.0"
      combined-stream "~1.0.5"
      extend "~3.0.0"
      forever-agent "~0.6.1"
      form-data "~2.1.1"
      har-validator "~4.2.1"
      hawk "~3.1.3"
      http-signature "~1.1.0"
      is-typedarray "~1.0.0"
      isstream "~0.1.2"
      json-stringify-safe "~5.0.1"
      mime-types "~2.1.7"
      oauth-sign "~0.8.1"
      performance-now "^0.2.0"
      qs "~6.4.0"
      safe-buffer "^5.0.1"
      stringstream "~0.0.4"
      tough-cookie "~2.3.0"
      tunnel-agent "^0.6.0"
      uuid "^3.0.0"
  
  retry-as-promised@^2.0.0:
    version "2.3.0"
    resolved "https://registry.yarnpkg.com/retry-as-promised/-/retry-as-promised-2.3.0.tgz#27bf5ccd999932b31665696825cf3630c27c562d"
    dependencies:
      bluebird "^3.4.6"
      debug "^2.2.0"
  
  safe-buffer@^5.0.1, safe-buffer@~5.1.0, safe-buffer@~5.1.1:
    version "5.1.1"
    resolved "https://registry.yarnpkg.com/safe-buffer/-/safe-buffer-5.1.1.tgz#893312af69b2123def71f57889001671eeb2c853"
  
  sax@^1.1.4:
    version "1.2.4"
    resolved "https://registry.yarnpkg.com/sax/-/sax-1.2.4.tgz#2816234e2378bddc4e5354fab5caa895df7100d9"
  
  semver@^5.0.1:
    version "5.4.1"
    resolved "https://registry.yarnpkg.com/semver/-/semver-5.4.1.tgz#e059c09d8571f0540823733433505d3a2f00b18e"
  
  sequelize@^4.7.5:
    version "4.7.5"
    resolved "https://registry.yarnpkg.com/sequelize/-/sequelize-4.7.5.tgz#a0b81b04206a46919db82cc5f2967c0ab379da62"
    dependencies:
      bluebird "^3.4.6"
      cls-bluebird "^2.0.1"
      debug "^3.0.0"
      depd "^1.1.0"
      dottie "^2.0.0"
      generic-pool "^3.1.6"
      inflection "1.12.0"
      lodash "^4.17.1"
      moment "^2.13.0"
      moment-timezone "^0.5.4"
      retry-as-promised "^2.0.0"
      semver "^5.0.1"
      terraformer-wkt-parser "^1.1.2"
      toposort-class "^1.0.1"
      uuid "^3.0.0"
      validator "^8.0.0"
      wkx "^0.4.1"
  
  shimmer@^1.1.0:
    version "1.1.0"
    resolved "https://registry.yarnpkg.com/shimmer/-/shimmer-1.1.0.tgz#97d7377137ffbbab425522e429fe0aa89a488b35"
  
  sntp@1.x.x:
    version "1.0.9"
    resolved "https://registry.yarnpkg.com/sntp/-/sntp-1.0.9.tgz#6541184cc90aeea6c6e7b35e2659082443c66198"
    dependencies:
      hoek "2.x.x"
  
  source-map@^0.5.0:
    version "0.5.7"
    resolved "https://registry.yarnpkg.com/source-map/-/source-map-0.5.7.tgz#8a039d2d1021d22d1ea14c80d8ea468ba2ef3fcc"
  
  source-map@~0.2.0:
    version "0.2.0"
    resolved "https://registry.yarnpkg.com/source-map/-/source-map-0.2.0.tgz#dab73fbcfc2ba819b4de03bd6f6eaa48164b3f9d"
    dependencies:
      amdefine ">=0.0.4"
  
  sshpk@^1.7.0:
    version "1.13.1"
    resolved "https://registry.yarnpkg.com/sshpk/-/sshpk-1.13.1.tgz#512df6da6287144316dc4c18fe1cf1d940739be3"
    dependencies:
      asn1 "~0.2.3"
      assert-plus "^1.0.0"
      dashdash "^1.12.0"
      getpass "^0.1.1"
    optionalDependencies:
      bcrypt-pbkdf "^1.0.0"
      ecc-jsbn "~0.1.1"
      jsbn "~0.1.0"
      tweetnacl "~0.14.0"
  
  string_decoder@~0.10.x:
    version "0.10.31"
    resolved "https://registry.yarnpkg.com/string_decoder/-/string_decoder-0.10.31.tgz#62e203bc41766c6c28c9fc84301dab1c5310fa94"
  
  string_decoder@~1.0.3:
    version "1.0.3"
    resolved "https://registry.yarnpkg.com/string_decoder/-/string_decoder-1.0.3.tgz#0fc67d7c141825de94282dd536bec6b9bce860ab"
    dependencies:
      safe-buffer "~5.1.0"
  
  stringstream@~0.0.4:
    version "0.0.5"
    resolved "https://registry.yarnpkg.com/stringstream/-/stringstream-0.0.5.tgz#4e484cd4de5a0bbbee18e46307710a8a81621878"
  
  strip-ansi@^3.0.0:
    version "3.0.1"
    resolved "https://registry.yarnpkg.com/strip-ansi/-/strip-ansi-3.0.1.tgz#6a385fb8853d952d5ff05d0e8aaf94278dc63dcf"
    dependencies:
      ansi-regex "^2.0.0"
  
  supports-color@3.1.2:
    version "3.1.2"
    resolved "https://registry.yarnpkg.com/supports-color/-/supports-color-3.1.2.tgz#72a262894d9d408b956ca05ff37b2ed8a6e2a2d5"
    dependencies:
      has-flag "^1.0.0"
  
  supports-color@^2.0.0:
    version "2.0.0"
    resolved "https://registry.yarnpkg.com/supports-color/-/supports-color-2.0.0.tgz#535d045ce6b6363fa40117084629995e9df324c7"
  
  "symbol-tree@>= 3.1.0 < 4.0.0":
    version "3.2.2"
    resolved "https://registry.yarnpkg.com/symbol-tree/-/symbol-tree-3.2.2.tgz#ae27db38f660a7ae2e1c3b7d1bc290819b8519e6"
  
  taffydb@2.7.2:
    version "2.7.2"
    resolved "https://registry.yarnpkg.com/taffydb/-/taffydb-2.7.2.tgz#7bf8106a5c1a48251b3e3bc0a0e1732489fd0dc8"
  
  terraformer-wkt-parser@^1.1.2:
    version "1.1.2"
    resolved "https://registry.yarnpkg.com/terraformer-wkt-parser/-/terraformer-wkt-parser-1.1.2.tgz#336a0c8fc82094a5aff83288f69aedecd369bf0c"
    dependencies:
      terraformer "~1.0.5"
  
  terraformer@~1.0.5:
    version "1.0.8"
    resolved "https://registry.yarnpkg.com/terraformer/-/terraformer-1.0.8.tgz#51e0ad89746fcf2161dc6f65aa70e42377c8b593"
    dependencies:
      "@types/geojson" "^1.0.0"
  
  to-fast-properties@^1.0.3:
    version "1.0.3"
    resolved "https://registry.yarnpkg.com/to-fast-properties/-/to-fast-properties-1.0.3.tgz#b83571fa4d8c25b82e231b06e3a3055de4ca1a47"
  
  topo@2.x.x:
    version "2.0.2"
    resolved "https://registry.yarnpkg.com/topo/-/topo-2.0.2.tgz#cd5615752539057c0dc0491a621c3bc6fbe1d182"
    dependencies:
      hoek "4.x.x"
  
  toposort-class@^1.0.1:
    version "1.0.1"
    resolved "https://registry.yarnpkg.com/toposort-class/-/toposort-class-1.0.1.tgz#7ffd1f78c8be28c3ba45cd4e1a3f5ee193bd9988"
  
  tough-cookie@^2.2.0, tough-cookie@~2.3.0:
    version "2.3.2"
    resolved "https://registry.yarnpkg.com/tough-cookie/-/tough-cookie-2.3.2.tgz#f081f76e4c85720e6c37a5faced737150d84072a"
    dependencies:
      punycode "^1.4.1"
  
  tr46@~0.0.1:
    version "0.0.3"
    resolved "https://registry.yarnpkg.com/tr46/-/tr46-0.0.3.tgz#8184fd347dac9cdc185992f3a6622e14b9d9ab6a"
  
  tunnel-agent@^0.6.0:
    version "0.6.0"
    resolved "https://registry.yarnpkg.com/tunnel-agent/-/tunnel-agent-0.6.0.tgz#27a5dea06b36b04a0a9966774b290868f0fc40fd"
    dependencies:
      safe-buffer "^5.0.1"
  
  tweetnacl@^0.14.3, tweetnacl@~0.14.0:
    version "0.14.5"
    resolved "https://registry.yarnpkg.com/tweetnacl/-/tweetnacl-0.14.5.tgz#5ae68177f192d4456269d108afa93ff8743f4f64"
  
  type-check@~0.3.2:
    version "0.3.2"
    resolved "https://registry.yarnpkg.com/type-check/-/type-check-0.3.2.tgz#5884cab512cf1d355e3fb784f30804b2b520db72"
    dependencies:
      prelude-ls "~1.1.2"
  
  uid2@0.0.x:
    version "0.0.3"
    resolved "https://registry.yarnpkg.com/uid2/-/uid2-0.0.3.tgz#483126e11774df2f71b8b639dcd799c376162b82"
  
  util-deprecate@~1.0.1:
    version "1.0.2"
    resolved "https://registry.yarnpkg.com/util-deprecate/-/util-deprecate-1.0.2.tgz#450d4dc9fa70de732762fbd2d4a28981419a0ccf"
  
  utils-merge@1.x.x:
    version "1.0.0"
    resolved "https://registry.yarnpkg.com/utils-merge/-/utils-merge-1.0.0.tgz#0294fb922bb9375153541c4f7096231f287c8af8"
  
  uuid@^3.0.0:
    version "3.1.0"
    resolved "https://registry.yarnpkg.com/uuid/-/uuid-3.1.0.tgz#3dd3d3e790abc24d7b0d3a034ffababe28ebbc04"
  
  validator@^8.0.0:
    version "8.1.0"
    resolved "https://registry.yarnpkg.com/validator/-/validator-8.1.0.tgz#89cf6b512ff71eba886afd8d10d47f8dc800eac0"
  
  verror@1.10.0:
    version "1.10.0"
    resolved "https://registry.yarnpkg.com/verror/-/verror-1.10.0.tgz#3a105ca17053af55d6e270c1f8288682e18da400"
    dependencies:
      assert-plus "^1.0.0"
      core-util-is "1.0.2"
      extsprintf "^1.2.0"
  
  webidl-conversions@^2.0.0:
    version "2.0.1"
    resolved "https://registry.yarnpkg.com/webidl-conversions/-/webidl-conversions-2.0.1.tgz#3bf8258f7d318c7443c36f2e169402a1a6703506"
  
  whatwg-url-compat@~0.6.5:
    version "0.6.5"
    resolved "https://registry.yarnpkg.com/whatwg-url-compat/-/whatwg-url-compat-0.6.5.tgz#00898111af689bb097541cd5a45ca6c8798445bf"
    dependencies:
      tr46 "~0.0.1"
  
  wkx@^0.4.1:
    version "0.4.1"
    resolved "https://registry.yarnpkg.com/wkx/-/wkx-0.4.1.tgz#2fc171b5e9cb55c6256fef4bde1f21be413befee"
    dependencies:
      "@types/node" "^6.0.48"
  
  wordwrap@~1.0.0:
    version "1.0.0"
    resolved "https://registry.yarnpkg.com/wordwrap/-/wordwrap-1.0.0.tgz#27584810891456a4171c8d0226441ade90cbcaeb"
  
  wrappy@1:
    version "1.0.2"
    resolved "https://registry.yarnpkg.com/wrappy/-/wrappy-1.0.2.tgz#b5243d8f3ec1aa35f1364605bc0d1036e30ab69f"
  
  "xml-name-validator@>= 2.0.1 < 3.0.0":
    version "2.0.1"
    resolved "https://registry.yarnpkg.com/xml-name-validator/-/xml-name-validator-2.0.1.tgz#4d8b8f1eccd3419aa362061becef515e1e559635"
  
  yallist@^2.1.2:
    version "2.1.2"
    resolved "https://registry.yarnpkg.com/yallist/-/yallist-2.1.2.tgz#1c11f9218f076089a47dd512f93c6699a6a81d52"

Trace: 
  SyntaxError: /Users/mac/synced-data/Projekte/Web Development/node/lazuli-authentication/package.json: Unexpected string in JSON at position 203
      at JSON.parse (<anonymous>)
      at /usr/local/Cellar/yarn/0.27.5_1/libexec/lib/yarn-cli.js:747:57
      at Generator.next (<anonymous>)
      at step (/usr/local/Cellar/yarn/0.27.5_1/libexec/lib/yarn-cli.js:91:30)
      at /usr/local/Cellar/yarn/0.27.5_1/libexec/lib/yarn-cli.js:102:13
      at <anonymous>
